Build started 2015-11-27 11:40:02 PM.
     1>Project "c:\Users\Can\documents\visual studio 2015\Projects\Hack Western - Myo to Computer\Hack Western - Myo to Computer\Hack Western - Myo to Computer.vcxproj" on node 2 (Build target(s)).
     1>ClCompile:
         C:\Program Files (x86)\Microsoft Visual Studio 14.0\VC\bin\CL.exe /c /ZI /nologo /W3 /WX- /sdl /Od /Oy- /D WIN32 /D _DEBUG /D _CONSOLE /D _UNICODE /D UNICODE /Gm /EHsc /RTC1 /MDd /GS /fp:precise /Zc:wchar_t /Zc:forScope /Zc:inline /Fo"Debug\\" /Fd"Debug\vc140.pdb" /Gd /TP /analyze- /errorReport:prompt Main.cpp
         Main.cpp
     1>c:\users\can\documents\visual studio 2015\projects\hack western - myo to computer\hack western - myo to computer\main.cpp(11): error C2679: binary '>>': no operator found which takes a right-hand operand of type 'std::string' (or there is no acceptable conversion)
         c:\program files (x86)\microsoft visual studio 14.0\vc\include\istream(484): note: could be 'std::basic_istream<char,std::char_traits<char>> &std::basic_istream<char,std::char_traits<char>>::operator >>(std::basic_streambuf<char,std::char_traits<char>> *)'
         c:\program files (x86)\microsoft visual studio 14.0\vc\include\istream(465): note: or       'std::basic_istream<char,std::char_traits<char>> &std::basic_istream<char,std::char_traits<char>>::operator >>(void *&)'
         c:\program files (x86)\microsoft visual studio 14.0\vc\include\istream(447): note: or       'std::basic_istream<char,std::char_traits<char>> &std::basic_istream<char,std::char_traits<char>>::operator >>(long double &)'
         c:\program files (x86)\microsoft visual studio 14.0\vc\include\istream(429): note: or       'std::basic_istream<char,std::char_traits<char>> &std::basic_istream<char,std::char_traits<char>>::operator >>(double &)'
         c:\program files (x86)\microsoft visual studio 14.0\vc\include\istream(410): note: or       'std::basic_istream<char,std::char_traits<char>> &std::basic_istream<char,std::char_traits<char>>::operator >>(float &)'
         c:\program files (x86)\microsoft visual studio 14.0\vc\include\istream(391): note: or       'std::basic_istream<char,std::char_traits<char>> &std::basic_istream<char,std::char_traits<char>>::operator >>(unsigned __int64 &)'
         c:\program files (x86)\microsoft visual studio 14.0\vc\include\istream(372): note: or       'std::basic_istream<char,std::char_traits<char>> &std::basic_istream<char,std::char_traits<char>>::operator >>(__int64 &)'
         c:\program files (x86)\microsoft visual studio 14.0\vc\include\istream(352): note: or       'std::basic_istream<char,std::char_traits<char>> &std::basic_istream<char,std::char_traits<char>>::operator >>(unsigned long &)'
         c:\program files (x86)\microsoft visual studio 14.0\vc\include\istream(334): note: or       'std::basic_istream<char,std::char_traits<char>> &std::basic_istream<char,std::char_traits<char>>::operator >>(long &)'
         c:\program files (x86)\microsoft visual studio 14.0\vc\include\istream(316): note: or       'std::basic_istream<char,std::char_traits<char>> &std::basic_istream<char,std::char_traits<char>>::operator >>(unsigned int &)'
         c:\program files (x86)\microsoft visual studio 14.0\vc\include\istream(290): note: or       'std::basic_istream<char,std::char_traits<char>> &std::basic_istream<char,std::char_traits<char>>::operator >>(int &)'
         c:\program files (x86)\microsoft visual studio 14.0\vc\include\istream(271): note: or       'std::basic_istream<char,std::char_traits<char>> &std::basic_istream<char,std::char_traits<char>>::operator >>(unsigned short &)'
         c:\program files (x86)\microsoft visual studio 14.0\vc\include\istream(236): note: or       'std::basic_istream<char,std::char_traits<char>> &std::basic_istream<char,std::char_traits<char>>::operator >>(short &)'
         c:\program files (x86)\microsoft visual studio 14.0\vc\include\istream(217): note: or       'std::basic_istream<char,std::char_traits<char>> &std::basic_istream<char,std::char_traits<char>>::operator >>(bool &)'
         c:\program files (x86)\microsoft visual studio 14.0\vc\include\istream(210): note: or       'std::basic_istream<char,std::char_traits<char>> &std::basic_istream<char,std::char_traits<char>>::operator >>(std::ios_base &(__cdecl *)(std::ios_base &))'
         c:\program files (x86)\microsoft visual studio 14.0\vc\include\istream(203): note: or       'std::basic_istream<char,std::char_traits<char>> &std::basic_istream<char,std::char_traits<char>>::operator >>(std::basic_ios<char,std::char_traits<char>> &(__cdecl *)(std::basic_ios<char,std::char_traits<char>> &))'
         c:\program files (x86)\microsoft visual studio 14.0\vc\include\istream(197): note: or       'std::basic_istream<char,std::char_traits<char>> &std::basic_istream<char,std::char_traits<char>>::operator >>(std::basic_istream<char,std::char_traits<char>> &(__cdecl *)(std::basic_istream<char,std::char_traits<char>> &))'
         c:\program files (x86)\microsoft visual studio 14.0\vc\include\istream(1106): note: or       'std::basic_istream<char,std::char_traits<char>> &std::operator >><char,std::char_traits<char>,std::string>(std::basic_istream<char,std::char_traits<char>> &&,_Ty &)'
                 with
                 [
                     _Ty=std::string
                 ]
         c:\program files (x86)\microsoft visual studio 14.0\vc\include\istream(1096): note: or       'std::basic_istream<char,std::char_traits<char>> &std::operator >><std::char_traits<char>>(std::basic_istream<char,std::char_traits<char>> &,unsigned char &)'
         c:\program files (x86)\microsoft visual studio 14.0\vc\include\istream(1089): note: or       'std::basic_istream<char,std::char_traits<char>> &std::operator >><std::char_traits<char>>(std::basic_istream<char,std::char_traits<char>> &,unsigned char *)'
         c:\program files (x86)\microsoft visual studio 14.0\vc\include\istream(1082): note: or       'std::basic_istream<char,std::char_traits<char>> &std::operator >><std::char_traits<char>>(std::basic_istream<char,std::char_traits<char>> &,signed char &)'
         c:\program files (x86)\microsoft visual studio 14.0\vc\include\istream(1075): note: or       'std::basic_istream<char,std::char_traits<char>> &std::operator >><std::char_traits<char>>(std::basic_istream<char,std::char_traits<char>> &,signed char *)'
         c:\users\can\documents\visual studio 2015\projects\hack western - myo to computer\hack western - myo to computer\main.cpp(11): note: while trying to match the argument list '(std::istream, std::string)'
     1>Done Building Project "c:\Users\Can\documents\visual studio 2015\Projects\Hack Western - Myo to Computer\Hack Western - Myo to Computer\Hack Western - Myo to Computer.vcxproj" (Build target(s)) -- FAILED.

Build FAILED.

Time Elapsed 00:00:00.66
